<?xml version="1.0" encoding="utf-8" standalone="no"?>
<!--This file represents the results of running a test suite-->
<test-results name="D:\yac\YaccConstructor\UnitTests\bin\Debug\UnitTests.exe" total="1" errors="0" failures="0" not-run="0" inconclusive="0" ignored="0" skipped="0" invalid="0" date="2010-05-04" time="18:36:57">
  <environment nunit-version="2.5.4.10098" clr-version="4.0.30128.1" os-version="Microsoft Windows NT 5.1.2600 Service Pack 3" platform="Win32NT" cwd="D:\yac\YaccConstructor\UnitTests\bin\Debug" machine-name="TRAP" user="nastasia" user-domain="TEPKOM" />
  <culture-info current-culture="ru-RU" current-uiculture="en-US" />
  <test-suite type="Assembly" name="D:\yac\YaccConstructor\UnitTests\bin\Debug\UnitTests.exe" executed="True" result="Success" success="True" time="0.859" asserts="0">
    <results>
      <test-suite type="TestFixture" name="GenTests+module2+Generator tests" executed="True" result="Success" success="True" time="0.828" asserts="0">
        <results>
          <test-case name="GenTests+module2+Generator tests.condition" executed="True" result="Success" success="True" time="0.828" asserts="0" />
        </results>
      </test-suite>
    </results>
  </test-suite>
</test-results>